nohup: 忽略输入
=== GGFM with ROOT GP Sampling: DKittyMorphology-Exact-v0 ===
[Config] Using: configs/Dkitty.yaml
Loading task: DKittyMorphology-Exact-v0...
[数据编码] 连续任务：直接使用原始数据
[GP Init] Using top 1024 samples for GP sampling (ROOT style: same samples, different order each epoch)
=== Training: Dynamic GP Sampling (100 Epochs) ===
每个 Epoch 采样 n_e = 8 个 GP 函数
每个 GP 函数采样 1024 个配对
总计将生成约 8 × 100 = 800 个 GP 函数

=== Epoch 1/100 ===
    [GP内部] set_hyper: 1.03s | 梯度采样: 2.12s | 后验: 0.02s
  [Rank Weight] Min: 0.1572 | Max: 3.1569
Generated 8148 trajectories from GP samples
  [⏱️ Time] GP初始化: 0.00s | GP采样: 6.00s | 轨迹生成: 0.23s
  [⏱️ Time] 训练: 1.07s | Epoch总计: 7.30s
  [Metrics] CosSim: 0.4900 | L_grad: 0.5100 | L_sigma: 0.0101

=== Epoch 2/100 ===
Generated 8192 trajectories from GP samples
  [⏱️ Time] GP初始化: 0.00s | GP采样: 5.38s | 轨迹生成: 0.24s
  [⏱️ Time] 训练: 1.06s | Epoch总计: 6.68s
  [Metrics] CosSim: 0.6095 | L_grad: 0.3905 | L_sigma: 0.0054

=== Epoch 3/100 ===
Generated 8158 trajectories from GP samples
  [⏱️ Time] GP初始化: 0.00s | GP采样: 5.32s | 轨迹生成: 0.24s
  [⏱️ Time] 训练: 1.05s | Epoch总计: 6.61s
  [Metrics] CosSim: 0.7186 | L_grad: 0.2814 | L_sigma: 0.0039

=== Epoch 4/100 ===
Generated 8152 trajectories from GP samples
  [⏱️ Time] GP初始化: 0.00s | GP采样: 5.37s | 轨迹生成: 0.24s
  [⏱️ Time] 训练: 1.05s | Epoch总计: 6.66s
  [Metrics] CosSim: 0.7567 | L_grad: 0.2433 | L_sigma: 0.0030

=== Epoch 5/100 ===
Generated 8191 trajectories from GP samples
  [⏱️ Time] GP初始化: 0.00s | GP采样: 5.26s | 轨迹生成: 0.24s
  [⏱️ Time] 训练: 1.02s | Epoch总计: 6.52s
  [Metrics] CosSim: 0.6370 | L_grad: 0.3630 | L_sigma: 0.0025

=== Epoch 6/100 ===
Generated 8172 trajectories from GP samples
  [⏱️ Time] GP初始化: 0.00s | GP采样: 5.27s | 轨迹生成: 0.24s
  [⏱️ Time] 训练: 1.05s | Epoch总计: 6.56s
  [Metrics] CosSim: 0.7315 | L_grad: 0.2685 | L_sigma: 0.0019

=== Epoch 7/100 ===
Generated 8104 trajectories from GP samples
  [⏱️ Time] GP初始化: 0.00s | GP采样: 5.30s | 轨迹生成: 0.24s
  [⏱️ Time] 训练: 1.04s | Epoch总计: 6.59s
  [Metrics] CosSim: 0.7729 | L_grad: 0.2271 | L_sigma: 0.0018

=== Epoch 8/100 ===
Generated 8124 trajectories from GP samples
  [⏱️ Time] GP初始化: 0.00s | GP采样: 5.28s | 轨迹生成: 0.24s
  [⏱️ Time] 训练: 1.06s | Epoch总计: 6.58s
  [Metrics] CosSim: 0.7977 | L_grad: 0.2023 | L_sigma: 0.0016

=== Epoch 9/100 ===
Generated 8170 trajectories from GP samples
  [⏱️ Time] GP初始化: 0.00s | GP采样: 5.36s | 轨迹生成: 0.25s
  [⏱️ Time] 训练: 1.07s | Epoch总计: 6.67s
  [Metrics] CosSim: 0.8085 | L_grad: 0.1915 | L_sigma: 0.0014

=== Epoch 10/100 ===
Generated 8158 trajectories from GP samples
  [⏱️ Time] GP初始化: 0.00s | GP采样: 5.31s | 轨迹生成: 0.24s
  [⏱️ Time] 训练: 1.05s | Epoch总计: 6.60s
  [Metrics] CosSim: 0.8166 | L_grad: 0.1834 | L_sigma: 0.0013
Epoch 10/100 | Loss: 0.0111 | Trajs: 8158
  [💾 Checkpoint] Saved to checkpoints/cfm_model_epoch_10.pt

=== Epoch 11/100 ===
  [Rank Weight] Min: 0.1572 | Max: 3.1569
Generated 8168 trajectories from GP samples
  [⏱️ Time] GP初始化: 0.00s | GP采样: 5.35s | 轨迹生成: 0.24s
  [⏱️ Time] 训练: 1.03s | Epoch总计: 6.63s
  [Metrics] CosSim: 0.8276 | L_grad: 0.1724 | L_sigma: 0.0012

=== Epoch 12/100 ===
Generated 8184 trajectories from GP samples
  [⏱️ Time] GP初始化: 0.00s | GP采样: 5.34s | 轨迹生成: 0.24s
  [⏱️ Time] 训练: 1.07s | Epoch总计: 6.65s
  [Metrics] CosSim: 0.7271 | L_grad: 0.2729 | L_sigma: 0.0011

=== Epoch 13/100 ===
Generated 8153 trajectories from GP samples
  [⏱️ Time] GP初始化: 0.00s | GP采样: 5.37s | 轨迹生成: 0.25s
  [⏱️ Time] 训练: 1.08s | Epoch总计: 6.70s
  [Metrics] CosSim: 0.7437 | L_grad: 0.2563 | L_sigma: 0.0009

=== Epoch 14/100 ===
Generated 8188 trajectories from GP samples
  [⏱️ Time] GP初始化: 0.00s | GP采样: 5.41s | 轨迹生成: 0.25s
  [⏱️ Time] 训练: 1.11s | Epoch总计: 6.77s
  [Metrics] CosSim: 0.6896 | L_grad: 0.3104 | L_sigma: 0.0008

=== Epoch 15/100 ===
Generated 8163 trajectories from GP samples
  [⏱️ Time] GP初始化: 0.00s | GP采样: 5.44s | 轨迹生成: 0.25s
  [⏱️ Time] 训练: 1.09s | Epoch总计: 6.77s
  [Metrics] CosSim: 0.7145 | L_grad: 0.2855 | L_sigma: 0.0007

=== Epoch 16/100 ===
Generated 8184 trajectories from GP samples
  [⏱️ Time] GP初始化: 0.00s | GP采样: 5.40s | 轨迹生成: 0.25s
  [⏱️ Time] 训练: 1.10s | Epoch总计: 6.74s
  [Metrics] CosSim: 0.8037 | L_grad: 0.1963 | L_sigma: 0.0007

=== Epoch 17/100 ===
Generated 8188 trajectories from GP samples
  [⏱️ Time] GP初始化: 0.00s | GP采样: 5.36s | 轨迹生成: 0.25s
  [⏱️ Time] 训练: 1.07s | Epoch总计: 6.68s
  [Metrics] CosSim: 0.7136 | L_grad: 0.2864 | L_sigma: 0.0006

=== Epoch 18/100 ===
Generated 8192 trajectories from GP samples
  [⏱️ Time] GP初始化: 0.00s | GP采样: 5.39s | 轨迹生成: 0.24s
  [⏱️ Time] 训练: 1.05s | Epoch总计: 6.69s
  [Metrics] CosSim: 0.7681 | L_grad: 0.2319 | L_sigma: 0.0006

=== Epoch 19/100 ===
Generated 8158 trajectories from GP samples
  [⏱️ Time] GP初始化: 0.00s | GP采样: 5.33s | 轨迹生成: 0.25s
  [⏱️ Time] 训练: 1.09s | Epoch总计: 6.67s
  [Metrics] CosSim: 0.7715 | L_grad: 0.2285 | L_sigma: 0.0005

=== Epoch 20/100 ===
Generated 8175 trajectories from GP samples
  [⏱️ Time] GP初始化: 0.00s | GP采样: 5.45s | 轨迹生成: 0.25s
  [⏱️ Time] 训练: 1.06s | Epoch总计: 6.76s
  [Metrics] CosSim: 0.7898 | L_grad: 0.2102 | L_sigma: 0.0005
Epoch 20/100 | Loss: 0.0118 | Trajs: 8175
  [💾 Checkpoint] Saved to checkpoints/cfm_model_epoch_20.pt

=== Epoch 21/100 ===
  [Rank Weight] Min: 0.1572 | Max: 3.1569
Generated 8180 trajectories from GP samples
  [⏱️ Time] GP初始化: 0.00s | GP采样: 5.30s | 轨迹生成: 0.25s
  [⏱️ Time] 训练: 1.05s | Epoch总计: 6.60s
  [Metrics] CosSim: 0.7203 | L_grad: 0.2797 | L_sigma: 0.0005

=== Epoch 22/100 ===
Generated 8144 trajectories from GP samples
  [⏱️ Time] GP初始化: 0.00s | GP采样: 5.36s | 轨迹生成: 0.24s
  [⏱️ Time] 训练: 1.02s | Epoch总计: 6.62s
  [Metrics] CosSim: 0.7385 | L_grad: 0.2615 | L_sigma: 0.0004

=== Epoch 23/100 ===
Generated 8188 trajectories from GP samples
  [⏱️ Time] GP初始化: 0.00s | GP采样: 5.32s | 轨迹生成: 0.25s
  [⏱️ Time] 训练: 1.03s | Epoch总计: 6.59s
  [Metrics] CosSim: 0.7240 | L_grad: 0.2760 | L_sigma: 0.0004

=== Epoch 24/100 ===
Generated 8190 trajectories from GP samples
  [⏱️ Time] GP初始化: 0.00s | GP采样: 5.38s | 轨迹生成: 0.25s
  [⏱️ Time] 训练: 1.03s | Epoch总计: 6.66s
  [Metrics] CosSim: 0.8081 | L_grad: 0.1919 | L_sigma: 0.0004

=== Epoch 25/100 ===
Generated 8192 trajectories from GP samples
  [⏱️ Time] GP初始化: 0.00s | GP采样: 5.30s | 轨迹生成: 0.25s
  [⏱️ Time] 训练: 1.05s | Epoch总计: 6.60s
  [Metrics] CosSim: 0.8255 | L_grad: 0.1745 | L_sigma: 0.0003

=== Epoch 26/100 ===
Generated 8155 trajectories from GP samples
  [⏱️ Time] GP初始化: 0.00s | GP采样: 5.39s | 轨迹生成: 0.25s
  [⏱️ Time] 训练: 1.07s | Epoch总计: 6.71s
  [Metrics] CosSim: 0.8318 | L_grad: 0.1682 | L_sigma: 0.0003

=== Epoch 27/100 ===
Generated 8190 trajectories from GP samples
  [⏱️ Time] GP初始化: 0.00s | GP采样: 5.40s | 轨迹生成: 0.25s
  [⏱️ Time] 训练: 1.09s | Epoch总计: 6.74s
  [Metrics] CosSim: 0.8281 | L_grad: 0.1719 | L_sigma: 0.0003

=== Epoch 28/100 ===
Generated 8163 trajectories from GP samples
  [⏱️ Time] GP初始化: 0.00s | GP采样: 5.38s | 轨迹生成: 0.25s
  [⏱️ Time] 训练: 1.06s | Epoch总计: 6.70s
  [Metrics] CosSim: 0.7734 | L_grad: 0.2266 | L_sigma: 0.0002

=== Epoch 29/100 ===
Generated 8156 trajectories from GP samples
  [⏱️ Time] GP初始化: 0.00s | GP采样: 5.43s | 轨迹生成: 0.25s
  [⏱️ Time] 训练: 1.09s | Epoch总计: 6.77s
  [Metrics] CosSim: 0.7981 | L_grad: 0.2019 | L_sigma: 0.0002

=== Epoch 30/100 ===
Generated 8166 trajectories from GP samples
  [⏱️ Time] GP初始化: 0.00s | GP采样: 5.39s | 轨迹生成: 0.25s
  [⏱️ Time] 训练: 1.08s | Epoch总计: 6.72s
  [Metrics] CosSim: 0.8224 | L_grad: 0.1776 | L_sigma: 0.0002
Epoch 30/100 | Loss: 0.0109 | Trajs: 8166
  [💾 Checkpoint] Saved to checkpoints/cfm_model_epoch_30.pt

=== Epoch 31/100 ===
  [Rank Weight] Min: 0.1572 | Max: 3.1569
Generated 8160 trajectories from GP samples
  [⏱️ Time] GP初始化: 0.00s | GP采样: 5.43s | 轨迹生成: 0.25s
  [⏱️ Time] 训练: 1.09s | Epoch总计: 6.77s
  [Metrics] CosSim: 0.8305 | L_grad: 0.1695 | L_sigma: 0.0002

=== Epoch 32/100 ===
Generated 8181 trajectories from GP samples
  [⏱️ Time] GP初始化: 0.00s | GP采样: 5.39s | 轨迹生成: 0.25s
  [⏱️ Time] 训练: 1.05s | Epoch总计: 6.69s
  [Metrics] CosSim: 0.4737 | L_grad: 0.5263 | L_sigma: 40.4009

=== Epoch 33/100 ===
Generated 8189 trajectories from GP samples
  [⏱️ Time] GP初始化: 0.00s | GP采样: 5.38s | 轨迹生成: 0.25s
  [⏱️ Time] 训练: 1.09s | Epoch总计: 6.72s
  [Metrics] CosSim: 0.0845 | L_grad: 0.9155 | L_sigma: 0.2719

=== Epoch 34/100 ===
Generated 8192 trajectories from GP samples
  [⏱️ Time] GP初始化: 0.00s | GP采样: 5.37s | 轨迹生成: 0.25s
  [⏱️ Time] 训练: 1.07s | Epoch总计: 6.68s
  [Metrics] CosSim: 0.0998 | L_grad: 0.9002 | L_sigma: 0.3170

=== Epoch 35/100 ===
Generated 8172 trajectories from GP samples
  [⏱️ Time] GP初始化: 0.00s | GP采样: 5.40s | 轨迹生成: 0.25s
  [⏱️ Time] 训练: 1.06s | Epoch总计: 6.72s
  [Metrics] CosSim: 0.1190 | L_grad: 0.8810 | L_sigma: 0.0018

=== Epoch 36/100 ===
Generated 8145 trajectories from GP samples
  [⏱️ Time] GP初始化: 0.00s | GP采样: 5.35s | 轨迹生成: 0.25s
  [⏱️ Time] 训练: 1.06s | Epoch总计: 6.65s
  [Metrics] CosSim: 0.1395 | L_grad: 0.8605 | L_sigma: 0.0010

=== Epoch 37/100 ===
Generated 8169 trajectories from GP samples
  [⏱️ Time] GP初始化: 0.00s | GP采样: 5.34s | 轨迹生成: 0.25s
  [⏱️ Time] 训练: 1.05s | Epoch总计: 6.63s
  [Metrics] CosSim: 0.1410 | L_grad: 0.8590 | L_sigma: 0.0003

=== Epoch 38/100 ===
Generated 8190 trajectories from GP samples
  [⏱️ Time] GP初始化: 0.00s | GP采样: 5.34s | 轨迹生成: 0.25s
  [⏱️ Time] 训练: 1.05s | Epoch总计: 6.64s
  [Metrics] CosSim: 0.1442 | L_grad: 0.8558 | L_sigma: 0.0005

=== Epoch 39/100 ===
Generated 8192 trajectories from GP samples
  [⏱️ Time] GP初始化: 0.00s | GP采样: 5.29s | 轨迹生成: 0.25s
  [⏱️ Time] 训练: 1.04s | Epoch总计: 6.58s
  [Metrics] CosSim: 0.1413 | L_grad: 0.8587 | L_sigma: 0.0004

=== Epoch 40/100 ===
Generated 8155 trajectories from GP samples
  [⏱️ Time] GP初始化: 0.00s | GP采样: 5.40s | 轨迹生成: 0.24s
  [⏱️ Time] 训练: 1.04s | Epoch总计: 6.68s
  [Metrics] CosSim: 0.1343 | L_grad: 0.8657 | L_sigma: 0.0006
Epoch 40/100 | Loss: 0.0470 | Trajs: 8155
  [💾 Checkpoint] Saved to checkpoints/cfm_model_epoch_40.pt

=== Epoch 41/100 ===
  [Rank Weight] Min: 0.1572 | Max: 3.1569
Generated 8153 trajectories from GP samples
  [⏱️ Time] GP初始化: 0.00s | GP采样: 5.30s | 轨迹生成: 0.25s
  [⏱️ Time] 训练: 1.10s | Epoch总计: 6.65s
  [Metrics] CosSim: 0.1473 | L_grad: 0.8527 | L_sigma: 0.0005

=== Epoch 42/100 ===
Generated 8158 trajectories from GP samples
  [⏱️ Time] GP初始化: 0.00s | GP采样: 5.47s | 轨迹生成: 0.25s
  [⏱️ Time] 训练: 1.08s | Epoch总计: 6.80s
  [Metrics] CosSim: 0.1351 | L_grad: 0.8649 | L_sigma: 0.0004

=== Epoch 43/100 ===
Generated 8189 trajectories from GP samples
  [⏱️ Time] GP初始化: 0.00s | GP采样: 5.36s | 轨迹生成: 0.25s
  [⏱️ Time] 训练: 1.09s | Epoch总计: 6.69s
  [Metrics] CosSim: 0.1361 | L_grad: 0.8639 | L_sigma: 0.0005

=== Epoch 44/100 ===
Generated 8131 trajectories from GP samples
  [⏱️ Time] GP初始化: 0.00s | GP采样: 5.43s | 轨迹生成: 0.24s
  [⏱️ Time] 训练: 1.08s | Epoch总计: 6.76s
  [Metrics] CosSim: 0.1476 | L_grad: 0.8524 | L_sigma: 0.0025

=== Epoch 45/100 ===
Generated 8162 trajectories from GP samples
  [⏱️ Time] GP初始化: 0.00s | GP采样: 5.35s | 轨迹生成: 0.25s
  [⏱️ Time] 训练: 1.09s | Epoch总计: 6.69s
  [Metrics] CosSim: 0.1197 | L_grad: 0.8803 | L_sigma: 0.0003

=== Epoch 46/100 ===
Generated 8151 trajectories from GP samples
  [⏱️ Time] GP初始化: 0.00s | GP采样: 5.40s | 轨迹生成: 0.25s
  [⏱️ Time] 训练: 1.10s | Epoch总计: 6.76s
  [Metrics] CosSim: 0.1331 | L_grad: 0.8669 | L_sigma: 0.0005

=== Epoch 47/100 ===
Generated 8164 trajectories from GP samples
  [⏱️ Time] GP初始化: 0.00s | GP采样: 5.41s | 轨迹生成: 0.25s
  [⏱️ Time] 训练: 1.10s | Epoch总计: 6.77s
  [Metrics] CosSim: 0.1239 | L_grad: 0.8761 | L_sigma: 0.0989

=== Epoch 48/100 ===
Generated 8163 trajectories from GP samples
  [⏱️ Time] GP初始化: 0.00s | GP采样: 5.48s | 轨迹生成: 0.26s
  [⏱️ Time] 训练: 1.13s | Epoch总计: 6.87s
  [Metrics] CosSim: 0.1058 | L_grad: 0.8942 | L_sigma: 0.1731

=== Epoch 49/100 ===
Generated 8173 trajectories from GP samples
  [⏱️ Time] GP初始化: 0.00s | GP采样: 5.43s | 轨迹生成: 0.25s
  [⏱️ Time] 训练: 1.07s | Epoch总计: 6.75s
  [Metrics] CosSim: 0.1053 | L_grad: 0.8947 | L_sigma: 0.1369

=== Epoch 50/100 ===
Generated 8178 trajectories from GP samples
  [⏱️ Time] GP初始化: 0.00s | GP采样: 5.38s | 轨迹生成: 0.25s
  [⏱️ Time] 训练: 1.08s | Epoch总计: 6.71s
  [Metrics] CosSim: 0.0975 | L_grad: 0.9025 | L_sigma: 0.1526
Epoch 50/100 | Loss: 0.0666 | Trajs: 8178
  [💾 Checkpoint] Saved to checkpoints/cfm_model_epoch_50.pt

=== Epoch 51/100 ===
  [Rank Weight] Min: 0.1572 | Max: 3.1569
Generated 8168 trajectories from GP samples
  [⏱️ Time] GP初始化: 0.00s | GP采样: 5.35s | 轨迹生成: 0.25s
  [⏱️ Time] 训练: 1.05s | Epoch总计: 6.66s
  [Metrics] CosSim: 0.1077 | L_grad: 0.8923 | L_sigma: 0.0007

=== Epoch 52/100 ===
Generated 8186 trajectories from GP samples
  [⏱️ Time] GP初始化: 0.00s | GP采样: 5.40s | 轨迹生成: 0.25s
  [⏱️ Time] 训练: 1.08s | Epoch总计: 6.72s
  [Metrics] CosSim: 0.1183 | L_grad: 0.8817 | L_sigma: 0.0505

=== Epoch 53/100 ===
Generated 8163 trajectories from GP samples
  [⏱️ Time] GP初始化: 0.00s | GP采样: 5.41s | 轨迹生成: 0.25s
  [⏱️ Time] 训练: 1.06s | Epoch总计: 6.72s
  [Metrics] CosSim: 0.1269 | L_grad: 0.8731 | L_sigma: 0.0012

=== Epoch 54/100 ===
Generated 8181 trajectories from GP samples
  [⏱️ Time] GP初始化: 0.00s | GP采样: 5.33s | 轨迹生成: 0.25s
  [⏱️ Time] 训练: 1.09s | Epoch总计: 6.66s
  [Metrics] CosSim: 0.1090 | L_grad: 0.8910 | L_sigma: 0.0016

=== Epoch 55/100 ===
Generated 8180 trajectories from GP samples
  [⏱️ Time] GP初始化: 0.00s | GP采样: 5.36s | 轨迹生成: 0.25s
  [⏱️ Time] 训练: 1.07s | Epoch总计: 6.68s
  [Metrics] CosSim: 0.1200 | L_grad: 0.8800 | L_sigma: 0.0520

=== Epoch 56/100 ===
Generated 8175 trajectories from GP samples
  [⏱️ Time] GP初始化: 0.00s | GP采样: 5.33s | 轨迹生成: 0.25s
  [⏱️ Time] 训练: 1.06s | Epoch总计: 6.63s
  [Metrics] CosSim: 0.1053 | L_grad: 0.8947 | L_sigma: 0.0549

=== Epoch 57/100 ===
Generated 8153 trajectories from GP samples
  [⏱️ Time] GP初始化: 0.00s | GP采样: 5.37s | 轨迹生成: 0.25s
  [⏱️ Time] 训练: 1.07s | Epoch总计: 6.69s
  [Metrics] CosSim: 0.1182 | L_grad: 0.8818 | L_sigma: 0.0546

=== Epoch 58/100 ===
Generated 8134 trajectories from GP samples
  [⏱️ Time] GP初始化: 0.00s | GP采样: 5.39s | 轨迹生成: 0.25s
  [⏱️ Time] 训练: 1.07s | Epoch总计: 6.71s
  [Metrics] CosSim: 0.1016 | L_grad: 0.8984 | L_sigma: 0.0004

=== Epoch 59/100 ===
Generated 8163 trajectories from GP samples
  [⏱️ Time] GP初始化: 0.00s | GP采样: 5.39s | 轨迹生成: 0.25s
  [⏱️ Time] 训练: 1.06s | Epoch总计: 6.70s
  [Metrics] CosSim: 0.1132 | L_grad: 0.8868 | L_sigma: 0.0009

=== Epoch 60/100 ===
Generated 8182 trajectories from GP samples
  [⏱️ Time] GP初始化: 0.00s | GP采样: 5.33s | 轨迹生成: 0.25s
  [⏱️ Time] 训练: 1.06s | Epoch总计: 6.64s
  [Metrics] CosSim: 0.0877 | L_grad: 0.9123 | L_sigma: 0.0005
Epoch 60/100 | Loss: 0.0495 | Trajs: 8182
  [💾 Checkpoint] Saved to checkpoints/cfm_model_epoch_60.pt

=== Epoch 61/100 ===
  [Rank Weight] Min: 0.1572 | Max: 3.1569
Generated 8180 trajectories from GP samples
  [⏱️ Time] GP初始化: 0.00s | GP采样: 5.31s | 轨迹生成: 0.25s
  [⏱️ Time] 训练: 1.06s | Epoch总计: 6.61s
  [Metrics] CosSim: 0.0879 | L_grad: 0.9121 | L_sigma: 0.0008

=== Epoch 62/100 ===
Generated 8188 trajectories from GP samples
  [⏱️ Time] GP初始化: 0.00s | GP采样: 5.38s | 轨迹生成: 0.25s
  [⏱️ Time] 训练: 1.06s | Epoch总计: 6.69s
  [Metrics] CosSim: 0.1118 | L_grad: 0.8882 | L_sigma: 0.0991

=== Epoch 63/100 ===
Generated 8188 trajectories from GP samples
  [⏱️ Time] GP初始化: 0.00s | GP采样: 5.37s | 轨迹生成: 0.25s
  [⏱️ Time] 训练: 1.10s | Epoch总计: 6.71s
  [Metrics] CosSim: 0.1128 | L_grad: 0.8872 | L_sigma: 0.0005

=== Epoch 64/100 ===
Generated 8169 trajectories from GP samples
  [⏱️ Time] GP初始化: 0.00s | GP采样: 5.44s | 轨迹生成: 0.25s
  [⏱️ Time] 训练: 1.08s | Epoch总计: 6.76s
  [Metrics] CosSim: 0.0984 | L_grad: 0.9016 | L_sigma: 0.0003

=== Epoch 65/100 ===
Generated 8157 trajectories from GP samples
  [⏱️ Time] GP初始化: 0.00s | GP采样: 5.35s | 轨迹生成: 0.25s
  [⏱️ Time] 训练: 1.08s | Epoch总计: 6.68s
  [Metrics] CosSim: 0.0811 | L_grad: 0.9189 | L_sigma: 0.0500

=== Epoch 66/100 ===
Generated 8171 trajectories from GP samples
  [⏱️ Time] GP初始化: 0.00s | GP采样: 5.42s | 轨迹生成: 0.25s
  [⏱️ Time] 训练: 1.07s | Epoch总计: 6.73s
  [Metrics] CosSim: 0.0930 | L_grad: 0.9070 | L_sigma: 0.0008

=== Epoch 67/100 ===
Generated 8156 trajectories from GP samples
  [⏱️ Time] GP初始化: 0.00s | GP采样: 5.31s | 轨迹生成: 0.24s
  [⏱️ Time] 训练: 1.05s | Epoch总计: 6.61s
  [Metrics] CosSim: 0.1019 | L_grad: 0.8981 | L_sigma: 0.2592

=== Epoch 68/100 ===
Generated 8154 trajectories from GP samples
  [⏱️ Time] GP初始化: 0.00s | GP采样: 5.37s | 轨迹生成: 0.25s
  [⏱️ Time] 训练: 1.06s | Epoch总计: 6.68s
  [Metrics] CosSim: 0.1097 | L_grad: 0.8903 | L_sigma: 0.1904

=== Epoch 69/100 ===
Generated 8182 trajectories from GP samples
  [⏱️ Time] GP初始化: 0.00s | GP采样: 5.39s | 轨迹生成: 0.25s
  [⏱️ Time] 训练: 1.07s | Epoch总计: 6.71s
  [Metrics] CosSim: 0.1026 | L_grad: 0.8974 | L_sigma: 0.6593

=== Epoch 70/100 ===
Generated 8180 trajectories from GP samples
  [⏱️ Time] GP初始化: 0.00s | GP采样: 5.33s | 轨迹生成: 0.24s
  [⏱️ Time] 训练: 1.06s | Epoch总计: 6.64s
  [Metrics] CosSim: 0.1134 | L_grad: 0.8866 | L_sigma: 0.0041
Epoch 70/100 | Loss: 0.0512 | Trajs: 8180
  [💾 Checkpoint] Saved to checkpoints/cfm_model_epoch_70.pt

=== Epoch 71/100 ===
  [Rank Weight] Min: 0.1572 | Max: 3.1569
Generated 8192 trajectories from GP samples
  [⏱️ Time] GP初始化: 0.00s | GP采样: 5.43s | 轨迹生成: 0.26s
  [⏱️ Time] 训练: 1.11s | Epoch总计: 6.80s
  [Metrics] CosSim: 0.1144 | L_grad: 0.8856 | L_sigma: 0.0019

=== Epoch 72/100 ===
Generated 8168 trajectories from GP samples
  [⏱️ Time] GP初始化: 0.00s | GP采样: 5.39s | 轨迹生成: 0.25s
  [⏱️ Time] 训练: 1.10s | Epoch总计: 6.75s
  [Metrics] CosSim: 0.1057 | L_grad: 0.8943 | L_sigma: 0.0021

=== Epoch 73/100 ===
Generated 8180 trajectories from GP samples
  [⏱️ Time] GP初始化: 0.00s | GP采样: 5.45s | 轨迹生成: 0.25s
  [⏱️ Time] 训练: 1.10s | Epoch总计: 6.80s
  [Metrics] CosSim: 0.0944 | L_grad: 0.9056 | L_sigma: 0.0010

=== Epoch 74/100 ===
Generated 8184 trajectories from GP samples
  [⏱️ Time] GP初始化: 0.00s | GP采样: 5.39s | 轨迹生成: 0.25s
  [⏱️ Time] 训练: 1.08s | Epoch总计: 6.72s
  [Metrics] CosSim: 0.0967 | L_grad: 0.9033 | L_sigma: 0.0003

=== Epoch 75/100 ===
Generated 8172 trajectories from GP samples
  [⏱️ Time] GP初始化: 0.00s | GP采样: 5.44s | 轨迹生成: 0.25s
  [⏱️ Time] 训练: 1.10s | Epoch总计: 6.79s
  [Metrics] CosSim: 0.0974 | L_grad: 0.9026 | L_sigma: 0.0003

=== Epoch 76/100 ===
Generated 8157 trajectories from GP samples
  [⏱️ Time] GP初始化: 0.00s | GP采样: 5.39s | 轨迹生成: 0.25s
  [⏱️ Time] 训练: 1.09s | Epoch总计: 6.73s
  [Metrics] CosSim: 0.1004 | L_grad: 0.8996 | L_sigma: 0.0613

=== Epoch 77/100 ===
Generated 8166 trajectories from GP samples
  [⏱️ Time] GP初始化: 0.00s | GP采样: 5.43s | 轨迹生成: 0.25s
  [⏱️ Time] 训练: 1.07s | Epoch总计: 6.76s
  [Metrics] CosSim: 0.1137 | L_grad: 0.8863 | L_sigma: 0.3229

=== Epoch 78/100 ===
Generated 8145 trajectories from GP samples
  [⏱️ Time] GP初始化: 0.00s | GP采样: 5.39s | 轨迹生成: 0.25s
  [⏱️ Time] 训练: 1.08s | Epoch总计: 6.72s
  [Metrics] CosSim: 0.1079 | L_grad: 0.8921 | L_sigma: 0.3020

=== Epoch 79/100 ===
Generated 8188 trajectories from GP samples
  [⏱️ Time] GP初始化: 0.00s | GP采样: 5.41s | 轨迹生成: 0.25s
  [⏱️ Time] 训练: 1.07s | Epoch总计: 6.73s
  [Metrics] CosSim: 0.1114 | L_grad: 0.8886 | L_sigma: 0.1067

=== Epoch 80/100 ===
Generated 8145 trajectories from GP samples
  [⏱️ Time] GP初始化: 0.00s | GP采样: 5.40s | 轨迹生成: 0.25s
  [⏱️ Time] 训练: 1.11s | Epoch总计: 6.76s
  [Metrics] CosSim: 0.0954 | L_grad: 0.9046 | L_sigma: 0.1023
Epoch 80/100 | Loss: 0.0504 | Trajs: 8145
  [💾 Checkpoint] Saved to checkpoints/cfm_model_epoch_80.pt

=== Epoch 81/100 ===
  [Rank Weight] Min: 0.1572 | Max: 3.1569
Generated 8189 trajectories from GP samples
  [⏱️ Time] GP初始化: 0.00s | GP采样: 5.41s | 轨迹生成: 0.25s
  [⏱️ Time] 训练: 1.08s | Epoch总计: 6.75s
  [Metrics] CosSim: 0.1069 | L_grad: 0.8931 | L_sigma: 0.0057

=== Epoch 82/100 ===
Generated 8186 trajectories from GP samples
  [⏱️ Time] GP初始化: 0.00s | GP采样: 5.37s | 轨迹生成: 0.25s
  [⏱️ Time] 训练: 1.04s | Epoch总计: 6.66s
  [Metrics] CosSim: 0.1113 | L_grad: 0.8887 | L_sigma: 0.0034

=== Epoch 83/100 ===
Generated 8180 trajectories from GP samples
  [⏱️ Time] GP初始化: 0.00s | GP采样: 5.39s | 轨迹生成: 0.25s
  [⏱️ Time] 训练: 1.08s | Epoch总计: 6.72s
  [Metrics] CosSim: 0.1198 | L_grad: 0.8802 | L_sigma: 0.0005

=== Epoch 84/100 ===
Generated 8161 trajectories from GP samples
  [⏱️ Time] GP初始化: 0.00s | GP采样: 5.42s | 轨迹生成: 0.25s
  [⏱️ Time] 训练: 1.09s | Epoch总计: 6.77s
  [Metrics] CosSim: 0.1104 | L_grad: 0.8896 | L_sigma: 0.1042

=== Epoch 85/100 ===
Generated 8161 trajectories from GP samples
  [⏱️ Time] GP初始化: 0.00s | GP采样: 5.40s | 轨迹生成: 0.25s
  [⏱️ Time] 训练: 1.04s | Epoch总计: 6.69s
  [Metrics] CosSim: 0.1094 | L_grad: 0.8906 | L_sigma: 0.1065

=== Epoch 86/100 ===
Generated 8176 trajectories from GP samples
  [⏱️ Time] GP初始化: 0.00s | GP采样: 5.37s | 轨迹生成: 0.25s
  [⏱️ Time] 训练: 1.05s | Epoch总计: 6.67s
  [Metrics] CosSim: 0.1043 | L_grad: 0.8957 | L_sigma: 0.0563

=== Epoch 87/100 ===
Generated 8138 trajectories from GP samples
  [⏱️ Time] GP初始化: 0.00s | GP采样: 5.32s | 轨迹生成: 0.24s
  [⏱️ Time] 训练: 1.07s | Epoch总计: 6.64s
  [Metrics] CosSim: 0.0905 | L_grad: 0.9095 | L_sigma: 0.3589

=== Epoch 88/100 ===
Generated 8155 trajectories from GP samples
  [⏱️ Time] GP初始化: 0.00s | GP采样: 5.40s | 轨迹生成: 0.25s
  [⏱️ Time] 训练: 1.07s | Epoch总计: 6.71s
  [Metrics] CosSim: 0.0883 | L_grad: 0.9117 | L_sigma: 0.0525

=== Epoch 89/100 ===
Generated 8163 trajectories from GP samples
  [⏱️ Time] GP初始化: 0.00s | GP采样: 5.42s | 轨迹生成: 0.25s
  [⏱️ Time] 训练: 1.12s | Epoch总计: 6.78s
  [Metrics] CosSim: 0.1037 | L_grad: 0.8963 | L_sigma: 0.0547

=== Epoch 90/100 ===
Generated 8179 trajectories from GP samples
  [⏱️ Time] GP初始化: 0.00s | GP采样: 5.48s | 轨迹生成: 0.25s
  [⏱️ Time] 训练: 1.12s | Epoch总计: 6.85s
  [Metrics] CosSim: 0.1121 | L_grad: 0.8879 | L_sigma: 0.0555
Epoch 90/100 | Loss: 0.0502 | Trajs: 8179
  [💾 Checkpoint] Saved to checkpoints/cfm_model_epoch_90.pt

=== Epoch 91/100 ===
  [Rank Weight] Min: 0.1572 | Max: 3.1569
Generated 8164 trajectories from GP samples
  [⏱️ Time] GP初始化: 0.00s | GP采样: 5.40s | 轨迹生成: 0.25s
  [⏱️ Time] 训练: 1.09s | Epoch总计: 6.75s
  [Metrics] CosSim: 0.1086 | L_grad: 0.8914 | L_sigma: 0.0027

=== Epoch 92/100 ===
Generated 8189 trajectories from GP samples
  [⏱️ Time] GP初始化: 0.00s | GP采样: 5.45s | 轨迹生成: 0.25s
  [⏱️ Time] 训练: 1.09s | Epoch总计: 6.79s
  [Metrics] CosSim: 0.1046 | L_grad: 0.8954 | L_sigma: 0.0044

=== Epoch 93/100 ===
Generated 8169 trajectories from GP samples
  [⏱️ Time] GP初始化: 0.00s | GP采样: 5.48s | 轨迹生成: 0.26s
  [⏱️ Time] 训练: 1.11s | Epoch总计: 6.85s
  [Metrics] CosSim: 0.0917 | L_grad: 0.9083 | L_sigma: 0.0006

=== Epoch 94/100 ===
Generated 8189 trajectories from GP samples
  [⏱️ Time] GP初始化: 0.00s | GP采样: 5.40s | 轨迹生成: 0.25s
  [⏱️ Time] 训练: 1.11s | Epoch总计: 6.77s
  [Metrics] CosSim: 0.1093 | L_grad: 0.8907 | L_sigma: 0.0522

=== Epoch 95/100 ===
Generated 8158 trajectories from GP samples
  [⏱️ Time] GP初始化: 0.00s | GP采样: 5.46s | 轨迹生成: 0.25s
  [⏱️ Time] 训练: 1.05s | Epoch总计: 6.76s
  [Metrics] CosSim: 0.1090 | L_grad: 0.8910 | L_sigma: 0.0025

=== Epoch 96/100 ===
Generated 8140 trajectories from GP samples
  [⏱️ Time] GP初始化: 0.00s | GP采样: 5.31s | 轨迹生成: 0.25s
  [⏱️ Time] 训练: 1.06s | Epoch总计: 6.62s
  [Metrics] CosSim: 0.0999 | L_grad: 0.9001 | L_sigma: 0.0002

=== Epoch 97/100 ===
Generated 8187 trajectories from GP samples
  [⏱️ Time] GP初始化: 0.00s | GP采样: 5.38s | 轨迹生成: 0.25s
  [⏱️ Time] 训练: 1.05s | Epoch总计: 6.67s
  [Metrics] CosSim: 0.1038 | L_grad: 0.8962 | L_sigma: 0.0328

=== Epoch 98/100 ===
Generated 8165 trajectories from GP samples
  [⏱️ Time] GP初始化: 0.00s | GP采样: 5.33s | 轨迹生成: 0.25s
  [⏱️ Time] 训练: 1.04s | Epoch总计: 6.62s
  [Metrics] CosSim: 0.1117 | L_grad: 0.8883 | L_sigma: 0.0004

=== Epoch 99/100 ===
Generated 8169 trajectories from GP samples
  [⏱️ Time] GP初始化: 0.00s | GP采样: 5.38s | 轨迹生成: 0.26s
  [⏱️ Time] 训练: 1.04s | Epoch总计: 6.67s
  [Metrics] CosSim: 0.1190 | L_grad: 0.8810 | L_sigma: 0.0005

=== Epoch 100/100 ===
Generated 8178 trajectories from GP samples
  [⏱️ Time] GP初始化: 0.00s | GP采样: 5.31s | 轨迹生成: 0.25s
  [⏱️ Time] 训练: 1.05s | Epoch总计: 6.61s
  [Metrics] CosSim: 0.1243 | L_grad: 0.8757 | L_sigma: 0.0011
Epoch 100/100 | Loss: 0.0490 | Trajs: 8178
  [💾 Checkpoint] Saved to checkpoints/cfm_model_epoch_100.pt

[💾 Final Model] Saved to checkpoints/cfm_model_final.pt

=== SOTA Evaluation (Highest-point, Q=128) ===
Selected 128 highest samples as starting points
Starting scores (normalized): mean=0.9310, max=0.9342
WARNING:root:[-0.  1.] or [0. 0.] is all 0s; this may be normal during initialization.
WARNING:root:[-0.  1.] or [0. 0.] is all 0s; this may be normal during initialization.
WARNING:root:[-0.  1.] or [0. 0.] is all 0s; this may be normal during initialization.
WARNING:root:[-0.  1.] or [0. 0.] is all 0s; this may be normal during initialization.
WARNING:root:[-0.  1.] or [0. 0.] is all 0s; this may be normal during initialization.
WARNING:root:[-0.  1.] or [0. 0.] is all 0s; this may be normal during initialization.
WARNING:root:[-0.  1.] or [0. 0.] is all 0s; this may be normal during initialization.
WARNING:root:[-0.  1.] or [0. 0.] is all 0s; this may be normal during initialization.
WARNING:root:[-0.  1.] or [0. 0.] is all 0s; this may be normal during initialization.
WARNING:root:[-0.  1.] or [0. 0.] is all 0s; this may be normal during initialization.
WARNING:root:[-0.  1.] or [0. 0.] is all 0s; this may be normal during initialization.
WARNING:root:[-0.  1.] or [0. 0.] is all 0s; this may be normal during initialization.
WARNING:root:[-0.  1.] or [0. 0.] is all 0s; this may be normal during initialization.
WARNING:root:[-0.  1.] or [0. 0.] is all 0s; this may be normal during initialization.
WARNING:root:[-0.  1.] or [0. 0.] is all 0s; this may be normal during initialization.
WARNING:root:[-0.  1.] or [0. 0.] is all 0s; this may be normal during initialization.
WARNING:root:[-0.  1.] or [0. 0.] is all 0s; this may be normal during initialization.
WARNING:root:[-0.  1.] or [0. 0.] is all 0s; this may be normal during initialization.
WARNING:root:[-0.  1.] or [0. 0.] is all 0s; this may be normal during initialization.
WARNING:root:[-0.  1.] or [0. 0.] is all 0s; this may be normal during initialization.
WARNING:root:[-0.  1.] or [0. 0.] is all 0s; this may be normal during initialization.
WARNING:root:[-0.  1.] or [0. 0.] is all 0s; this may be normal during initialization.
WARNING:root:[-0.  1.] or [0. 0.] is all 0s; this may be normal during initialization.
WARNING:root:[-0.  1.] or [0. 0.] is all 0s; this may be normal during initialization.
WARNING:root:[-0.  1.] or [0. 0.] is all 0s; this may be normal during initialization.
WARNING:root:[-0.  1.] or [0. 0.] is all 0s; this may be normal during initialization.
WARNING:root:[-0.  1.] or [0. 0.] is all 0s; this may be normal during initialization.
WARNING:root:[-0.  1.] or [0. 0.] is all 0s; this may be normal during initialization.
WARNING:root:[-0.  1.] or [0. 0.] is all 0s; this may be normal during initialization.
WARNING:root:[-0.  1.] or [0. 0.] is all 0s; this may be normal during initialization.
WARNING:root:[-0.  1.] or [0. 0.] is all 0s; this may be normal during initialization.
WARNING:root:[-0.  1.] or [0. 0.] is all 0s; this may be normal during initialization.
WARNING:root:[-0.  1.] or [0. 0.] is all 0s; this may be normal during initialization.
WARNING:root:[-0.  1.] or [0. 0.] is all 0s; this may be normal during initialization.
WARNING:root:[-0.  1.] or [0. 0.] is all 0s; this may be normal during initialization.
WARNING:root:[-0.  1.] or [0. 0.] is all 0s; this may be normal during initialization.
WARNING:root:[-0.  1.] or [0. 0.] is all 0s; this may be normal during initialization.
WARNING:root:[-0.  1.] or [0. 0.] is all 0s; this may be normal during initialization.
WARNING:root:[-0.  1.] or [0. 0.] is all 0s; this may be normal during initialization.
WARNING:root:[-0.  1.] or [0. 0.] is all 0s; this may be normal during initialization.
WARNING:root:[-0.  1.] or [0. 0.] is all 0s; this may be normal during initialization.
WARNING:root:[-0.  1.] or [0. 0.] is all 0s; this may be normal during initialization.
WARNING:root:[-0.  1.] or [0. 0.] is all 0s; this may be normal during initialization.
WARNING:root:[-0.  1.] or [0. 0.] is all 0s; this may be normal during initialization.
WARNING:root:[-0.  1.] or [0. 0.] is all 0s; this may be normal during initialization.
WARNING:root:[-0.  1.] or [0. 0.] is all 0s; this may be normal during initialization.
WARNING:root:[-0.  1.] or [0. 0.] is all 0s; this may be normal during initialization.
WARNING:root:[-0.  1.] or [0. 0.] is all 0s; this may be normal during initialization.
WARNING:root:[-0.  1.] or [0. 0.] is all 0s; this may be normal during initialization.
WARNING:root:[-0.  1.] or [0. 0.] is all 0s; this may be normal during initialization.
WARNING:root:[-0.  1.] or [0. 0.] is all 0s; this may be normal during initialization.
WARNING:root:[-0.  1.] or [0. 0.] is all 0s; this may be normal during initialization.
WARNING:root:[-0.  1.] or [0. 0.] is all 0s; this may be normal during initialization.
WARNING:root:[-0.  1.] or [0. 0.] is all 0s; this may be normal during initialization.
WARNING:root:[-0.  1.] or [0. 0.] is all 0s; this may be normal during initialization.
WARNING:root:[-0.  1.] or [0. 0.] is all 0s; this may be normal during initialization.
WARNING:root:[-0.  1.] or [0. 0.] is all 0s; this may be normal during initialization.
WARNING:root:[-0.  1.] or [0. 0.] is all 0s; this may be normal during initialization.
WARNING:root:[-0.  1.] or [0. 0.] is all 0s; this may be normal during initialization.
WARNING:root:[-0.  1.] or [0. 0.] is all 0s; this may be normal during initialization.
WARNING:root:[-0.  1.] or [0. 0.] is all 0s; this may be normal during initialization.
WARNING:root:[-0.  1.] or [0. 0.] is all 0s; this may be normal during initialization.
WARNING:root:[-0.  1.] or [0. 0.] is all 0s; this may be normal during initialization.
WARNING:root:[-0.  1.] or [0. 0.] is all 0s; this may be normal during initialization.
WARNING:root:[-0.  1.] or [0. 0.] is all 0s; this may be normal during initialization.
WARNING:root:[-0.  1.] or [0. 0.] is all 0s; this may be normal during initialization.
WARNING:root:[-0.  1.] or [0. 0.] is all 0s; this may be normal during initialization.
WARNING:root:[-0.  1.] or [0. 0.] is all 0s; this may be normal during initialization.
WARNING:root:[-0.  1.] or [0. 0.] is all 0s; this may be normal during initialization.
WARNING:root:[-0.  1.] or [0. 0.] is all 0s; this may be normal during initialization.
WARNING:root:[-0.  1.] or [0. 0.] is all 0s; this may be normal during initialization.
WARNING:root:[-0.  1.] or [0. 0.] is all 0s; this may be normal during initialization.
WARNING:root:[-0.  1.] or [0. 0.] is all 0s; this may be normal during initialization.
WARNING:root:[-0.  1.] or [0. 0.] is all 0s; this may be normal during initialization.
WARNING:root:[-0.  1.] or [0. 0.] is all 0s; this may be normal during initialization.
WARNING:root:[-0.  1.] or [0. 0.] is all 0s; this may be normal during initialization.
WARNING:root:[-0.  1.] or [0. 0.] is all 0s; this may be normal during initialization.
WARNING:root:[-0.  1.] or [0. 0.] is all 0s; this may be normal during initialization.
WARNING:root:[-0.  1.] or [0. 0.] is all 0s; this may be normal during initialization.
WARNING:root:[-0.  1.] or [0. 0.] is all 0s; this may be normal during initialization.
WARNING:root:[-0.  1.] or [0. 0.] is all 0s; this may be normal during initialization.
WARNING:root:[-0.  1.] or [0. 0.] is all 0s; this may be normal during initialization.
WARNING:root:[-0.  1.] or [0. 0.] is all 0s; this may be normal during initialization.
WARNING:root:[-0.  1.] or [0. 0.] is all 0s; this may be normal during initialization.
WARNING:root:[-0.  1.] or [0. 0.] is all 0s; this may be normal during initialization.
WARNING:root:[-0.  1.] or [0. 0.] is all 0s; this may be normal during initialization.
WARNING:root:[-0.  1.] or [0. 0.] is all 0s; this may be normal during initialization.
WARNING:root:[-0.  1.] or [0. 0.] is all 0s; this may be normal during initialization.
WARNING:root:[-0.  1.] or [0. 0.] is all 0s; this may be normal during initialization.
WARNING:root:[-0.  1.] or [0. 0.] is all 0s; this may be normal during initialization.
WARNING:root:[-0.  1.] or [0. 0.] is all 0s; this may be normal during initialization.
WARNING:root:[-0.  1.] or [0. 0.] is all 0s; this may be normal during initialization.
WARNING:root:[-0.  1.] or [0. 0.] is all 0s; this may be normal during initialization.
WARNING:root:[-0.  1.] or [0. 0.] is all 0s; this may be normal during initialization.
WARNING:root:[-0.  1.] or [0. 0.] is all 0s; this may be normal during initialization.
WARNING:root:[-0.  1.] or [0. 0.] is all 0s; this may be normal during initialization.
WARNING:root:[-0.  1.] or [0. 0.] is all 0s; this may be normal during initialization.
WARNING:root:[-0.  1.] or [0. 0.] is all 0s; this may be normal during initialization.
WARNING:root:[-0.  1.] or [0. 0.] is all 0s; this may be normal during initialization.
WARNING:root:[-0.  1.] or [0. 0.] is all 0s; this may be normal during initialization.
WARNING:root:[-0.  1.] or [0. 0.] is all 0s; this may be normal during initialization.
WARNING:root:[-0.  1.] or [0. 0.] is all 0s; this may be normal during initialization.
WARNING:root:[-0.  1.] or [0. 0.] is all 0s; this may be normal during initialization.
WARNING:root:[-0.  1.] or [0. 0.] is all 0s; this may be normal during initialization.
WARNING:root:[-0.  1.] or [0. 0.] is all 0s; this may be normal during initialization.
WARNING:root:[-0.  1.] or [0. 0.] is all 0s; this may be normal during initialization.
WARNING:root:[-0.  1.] or [0. 0.] is all 0s; this may be normal during initialization.
WARNING:root:[-0.  1.] or [0. 0.] is all 0s; this may be normal during initialization.
WARNING:root:[-0.  1.] or [0. 0.] is all 0s; this may be normal during initialization.
WARNING:root:[-0.  1.] or [0. 0.] is all 0s; this may be normal during initialization.
WARNING:root:[-0.  1.] or [0. 0.] is all 0s; this may be normal during initialization.
WARNING:root:[-0.  1.] or [0. 0.] is all 0s; this may be normal during initialization.
WARNING:root:[-0.  1.] or [0. 0.] is all 0s; this may be normal during initialization.
WARNING:root:[-0.  1.] or [0. 0.] is all 0s; this may be normal during initialization.
WARNING:root:[-0.  1.] or [0. 0.] is all 0s; this may be normal during initialization.
WARNING:root:[-0.  1.] or [0. 0.] is all 0s; this may be normal during initialization.
WARNING:root:[-0.  1.] or [0. 0.] is all 0s; this may be normal during initialization.
WARNING:root:[-0.  1.] or [0. 0.] is all 0s; this may be normal during initialization.
WARNING:root:[-0.  1.] or [0. 0.] is all 0s; this may be normal during initialization.
WARNING:root:[-0.  1.] or [0. 0.] is all 0s; this may be normal during initialization.
WARNING:root:[-0.  1.] or [0. 0.] is all 0s; this may be normal during initialization.
WARNING:root:[-0.  1.] or [0. 0.] is all 0s; this may be normal during initialization.
WARNING:root:[-0.  1.] or [0. 0.] is all 0s; this may be normal during initialization.
WARNING:root:[-0.  1.] or [0. 0.] is all 0s; this may be normal during initialization.
WARNING:root:[-0.  1.] or [0. 0.] is all 0s; this may be normal during initialization.
WARNING:root:[-0.  1.] or [0. 0.] is all 0s; this may be normal during initialization.
WARNING:root:[-0.  1.] or [0. 0.] is all 0s; this may be normal during initialization.
WARNING:root:[-0.  1.] or [0. 0.] is all 0s; this may be normal during initialization.
WARNING:root:[-0.  1.] or [0. 0.] is all 0s; this may be normal during initialization.
WARNING:root:[-0.  1.] or [0. 0.] is all 0s; this may be normal during initialization.
WARNING:root:[-0.  1.] or [0. 0.] is all 0s; this may be normal during initialization.
WARNING:root:[-0.  1.] or [0. 0.] is all 0s; this may be normal during initialization.
WARNING:root:[-0.  1.] or [0. 0.] is all 0s; this may be normal during initialization.
WARNING:root:[-0.  1.] or [0. 0.] is all 0s; this may be normal during initialization.
WARNING:root:[-0.  1.] or [0. 0.] is all 0s; this may be normal during initialization.
WARNING:root:[-0.  1.] or [0. 0.] is all 0s; this may be normal during initialization.
WARNING:root:[-0.  1.] or [0. 0.] is all 0s; this may be normal during initialization.
WARNING:root:[-0.  1.] or [0. 0.] is all 0s; this may be normal during initialization.
WARNING:root:[-0.  1.] or [0. 0.] is all 0s; this may be normal during initialization.
WARNING:root:[-0.  1.] or [0. 0.] is all 0s; this may be normal during initialization.
WARNING:root:[-0.  1.] or [0. 0.] is all 0s; this may be normal during initialization.
WARNING:root:[-0.  1.] or [0. 0.] is all 0s; this may be normal during initialization.
WARNING:root:[-0.  1.] or [0. 0.] is all 0s; this may be normal during initialization.
WARNING:root:[-0.  1.] or [0. 0.] is all 0s; this may be normal during initialization.
WARNING:root:[-0.  1.] or [0. 0.] is all 0s; this may be normal during initialization.
WARNING:root:[-0.  1.] or [0. 0.] is all 0s; this may be normal during initialization.
WARNING:root:[-0.  1.] or [0. 0.] is all 0s; this may be normal during initialization.
WARNING:root:[-0.  1.] or [0. 0.] is all 0s; this may be normal during initialization.
WARNING:root:[-0.  1.] or [0. 0.] is all 0s; this may be normal during initialization.
WARNING:root:[-0.  1.] or [0. 0.] is all 0s; this may be normal during initialization.
WARNING:root:[-0.  1.] or [0. 0.] is all 0s; this may be normal during initialization.
WARNING:root:[-0.  1.] or [0. 0.] is all 0s; this may be normal during initialization.
WARNING:root:[-0.  1.] or [0. 0.] is all 0s; this may be normal during initialization.
WARNING:root:[-0.  1.] or [0. 0.] is all 0s; this may be normal during initialization.
WARNING:root:[-0.  1.] or [0. 0.] is all 0s; this may be normal during initialization.
WARNING:root:[-0.  1.] or [0. 0.] is all 0s; this may be normal during initialization.
WARNING:root:[-0.  1.] or [0. 0.] is all 0s; this may be normal during initialization.
WARNING:root:[-0.  1.] or [0. 0.] is all 0s; this may be normal during initialization.
WARNING:root:[-0.  1.] or [0. 0.] is all 0s; this may be normal during initialization.
WARNING:root:[-0.  1.] or [0. 0.] is all 0s; this may be normal during initialization.
WARNING:root:[-0.  1.] or [0. 0.] is all 0s; this may be normal during initialization.
WARNING:root:[-0.  1.] or [0. 0.] is all 0s; this may be normal during initialization.
WARNING:root:[-0.  1.] or [0. 0.] is all 0s; this may be normal during initialization.
WARNING:root:[-0.  1.] or [0. 0.] is all 0s; this may be normal during initialization.
WARNING:root:[-0.  1.] or [0. 0.] is all 0s; this may be normal during initialization.
WARNING:root:[-0.  1.] or [0. 0.] is all 0s; this may be normal during initialization.
WARNING:root:[-0.  1.] or [0. 0.] is all 0s; this may be normal during initialization.
WARNING:root:[-0.  1.] or [0. 0.] is all 0s; this may be normal during initialization.
WARNING:root:[-0.  1.] or [0. 0.] is all 0s; this may be normal during initialization.
WARNING:root:[-0.  1.] or [0. 0.] is all 0s; this may be normal during initialization.
WARNING:root:[-0.  1.] or [0. 0.] is all 0s; this may be normal during initialization.
WARNING:root:[-0.  1.] or [0. 0.] is all 0s; this may be normal during initialization.
WARNING:root:[-0.  1.] or [0. 0.] is all 0s; this may be normal during initialization.
WARNING:root:[-0.  1.] or [0. 0.] is all 0s; this may be normal during initialization.
WARNING:root:[-0.  1.] or [0. 0.] is all 0s; this may be normal during initialization.
WARNING:root:[-0.  1.] or [0. 0.] is all 0s; this may be normal during initialization.
WARNING:root:[-0.  1.] or [0. 0.] is all 0s; this may be normal during initialization.
WARNING:root:[-0.  1.] or [0. 0.] is all 0s; this may be normal during initialization.
WARNING:root:[-0.  1.] or [0. 0.] is all 0s; this may be normal during initialization.
WARNING:root:[-0.  1.] or [0. 0.] is all 0s; this may be normal during initialization.
WARNING:root:[-0.  1.] or [0. 0.] is all 0s; this may be normal during initialization.
WARNING:root:[-0.  1.] or [0. 0.] is all 0s; this may be normal during initialization.
WARNING:root:[-0.  1.] or [0. 0.] is all 0s; this may be normal during initialization.
WARNING:root:[-0.  1.] or [0. 0.] is all 0s; this may be normal during initialization.
WARNING:root:[-0.  1.] or [0. 0.] is all 0s; this may be normal during initialization.
WARNING:root:[-0.  1.] or [0. 0.] is all 0s; this may be normal during initialization.
WARNING:root:[-0.  1.] or [0. 0.] is all 0s; this may be normal during initialization.
WARNING:root:[-0.  1.] or [0. 0.] is all 0s; this may be normal during initialization.
WARNING:root:[-0.  1.] or [0. 0.] is all 0s; this may be normal during initialization.
WARNING:root:[-0.  1.] or [0. 0.] is all 0s; this may be normal during initialization.
WARNING:root:[-0.  1.] or [0. 0.] is all 0s; this may be normal during initialization.
WARNING:root:[-0.  1.] or [0. 0.] is all 0s; this may be normal during initialization.
WARNING:root:[-0.  1.] or [0. 0.] is all 0s; this may be normal during initialization.
WARNING:root:[-0.  1.] or [0. 0.] is all 0s; this may be normal during initialization.
WARNING:root:[-0.  1.] or [0. 0.] is all 0s; this may be normal during initialization.
WARNING:root:[-0.  1.] or [0. 0.] is all 0s; this may be normal during initialization.
WARNING:root:[-0.  1.] or [0. 0.] is all 0s; this may be normal during initialization.
WARNING:root:[-0.  1.] or [0. 0.] is all 0s; this may be normal during initialization.
WARNING:root:[-0.  1.] or [0. 0.] is all 0s; this may be normal during initialization.
WARNING:root:[-0.  1.] or [0. 0.] is all 0s; this may be normal during initialization.
WARNING:root:[-0.  1.] or [0. 0.] is all 0s; this may be normal during initialization.
WARNING:root:[-0.  1.] or [0. 0.] is all 0s; this may be normal during initialization.
WARNING:root:[-0.  1.] or [0. 0.] is all 0s; this may be normal during initialization.
WARNING:root:[-0.  1.] or [0. 0.] is all 0s; this may be normal during initialization.
WARNING:root:[-0.  1.] or [0. 0.] is all 0s; this may be normal during initialization.
WARNING:root:[-0.  1.] or [0. 0.] is all 0s; this may be normal during initialization.
WARNING:root:[-0.  1.] or [0. 0.] is all 0s; this may be normal during initialization.
WARNING:root:[-0.  1.] or [0. 0.] is all 0s; this may be normal during initialization.
WARNING:root:[-0.  1.] or [0. 0.] is all 0s; this may be normal during initialization.
WARNING:root:[-0.  1.] or [0. 0.] is all 0s; this may be normal during initialization.
WARNING:root:[-0.  1.] or [0. 0.] is all 0s; this may be normal during initialization.
WARNING:root:[-0.  1.] or [0. 0.] is all 0s; this may be normal during initialization.
WARNING:root:[-0.  1.] or [0. 0.] is all 0s; this may be normal during initialization.
WARNING:root:[-0.  1.] or [0. 0.] is all 0s; this may be normal during initialization.
WARNING:root:[-0.  1.] or [0. 0.] is all 0s; this may be normal during initialization.
WARNING:root:[-0.  1.] or [0. 0.] is all 0s; this may be normal during initialization.
WARNING:root:[-0.  1.] or [0. 0.] is all 0s; this may be normal during initialization.
WARNING:root:[-0.  1.] or [0. 0.] is all 0s; this may be normal during initialization.
WARNING:root:[-0.  1.] or [0. 0.] is all 0s; this may be normal during initialization.
WARNING:root:[-0.  1.] or [0. 0.] is all 0s; this may be normal during initialization.
WARNING:root:[-0.  1.] or [0. 0.] is all 0s; this may be normal during initialization.
WARNING:root:[-0.  1.] or [0. 0.] is all 0s; this may be normal during initialization.
WARNING:root:[-0.  1.] or [0. 0.] is all 0s; this may be normal during initialization.
WARNING:root:[-0.  1.] or [0. 0.] is all 0s; this may be normal during initialization.
WARNING:root:[-0.  1.] or [0. 0.] is all 0s; this may be normal during initialization.
WARNING:root:[-0.  1.] or [0. 0.] is all 0s; this may be normal during initialization.
WARNING:root:[-0.  1.] or [0. 0.] is all 0s; this may be normal during initialization.
WARNING:root:[-0.  1.] or [0. 0.] is all 0s; this may be normal during initialization.
WARNING:root:[-0.  1.] or [0. 0.] is all 0s; this may be normal during initialization.
WARNING:root:[-0.  1.] or [0. 0.] is all 0s; this may be normal during initialization.
WARNING:root:[-0.  1.] or [0. 0.] is all 0s; this may be normal during initialization.
WARNING:root:[-0.  1.] or [0. 0.] is all 0s; this may be normal during initialization.
WARNING:root:[-0.  1.] or [0. 0.] is all 0s; this may be normal during initialization.
WARNING:root:[-0.  1.] or [0. 0.] is all 0s; this may be normal during initialization.
WARNING:root:[-0.  1.] or [0. 0.] is all 0s; this may be normal during initialization.
WARNING:root:[-0.  1.] or [0. 0.] is all 0s; this may be normal during initialization.
WARNING:root:[-0.  1.] or [0. 0.] is all 0s; this may be normal during initialization.
WARNING:root:[-0.  1.] or [0. 0.] is all 0s; this may be normal during initialization.
WARNING:root:[-0.  1.] or [0. 0.] is all 0s; this may be normal during initialization.
WARNING:root:[-0.  1.] or [0. 0.] is all 0s; this may be normal during initialization.
WARNING:root:[-0.  1.] or [0. 0.] is all 0s; this may be normal during initialization.
WARNING:root:[-0.  1.] or [0. 0.] is all 0s; this may be normal during initialization.
WARNING:root:[-0.  1.] or [0. 0.] is all 0s; this may be normal during initialization.
WARNING:root:[-0.  1.] or [0. 0.] is all 0s; this may be normal during initialization.
WARNING:root:[-0.  1.] or [0. 0.] is all 0s; this may be normal during initialization.
WARNING:root:[-0.  1.] or [0. 0.] is all 0s; this may be normal during initialization.
WARNING:root:[-0.  1.] or [0. 0.] is all 0s; this may be normal during initialization.
WARNING:root:[-0.  1.] or [0. 0.] is all 0s; this may be normal during initialization.
WARNING:root:[-0.  1.] or [0. 0.] is all 0s; this may be normal during initialization.
WARNING:root:[-0.  1.] or [0. 0.] is all 0s; this may be normal during initialization.
WARNING:root:[-0.  1.] or [0. 0.] is all 0s; this may be normal during initialization.
WARNING:root:[-0.  1.] or [0. 0.] is all 0s; this may be normal during initialization.
WARNING:root:[-0.  1.] or [0. 0.] is all 0s; this may be normal during initialization.
WARNING:root:[-0.  1.] or [0. 0.] is all 0s; this may be normal during initialization.
WARNING:root:[-0.  1.] or [0. 0.] is all 0s; this may be normal during initialization.
WARNING:root:[-0.  1.] or [0. 0.] is all 0s; this may be normal during initialization.

[Result] Final scores distribution (raw):
  Min: 123.8813
  Max: 281.6595
  Mean: 200.4612
  Std: 24.8432

[Result] Normalized scores distribution (comparable with ROOT):
  Min: 0.8223
  Max: 0.9515
  Mean: 0.8850
  Std: 0.0203
------------------------------------------------------------
Original Mean (Top 128, raw): 198.8122
Optimized Mean (Top 128, raw): 200.4612
Improvement (raw):                   1.6490
------------------------------------------------------------
Normalized 100th Percentile (Max):      0.951489
Normalized 80th Percentile:             0.901376
Normalized 50th Percentile (Median):    0.884657
------------------------------------------------------------
[ROOT Comparable] These normalized percentiles are directly comparable with ROOT results
