nohup: 忽略输入
=== UAB-TD Starting: TFBind8-Exact-v0 ===
Loading task: TFBind8-Exact-v0...
[数据编码] 使用 ROOT 的 map_to_logits 方式
[NTK] Dataset size 32898 > 8192. Using Nyström approximation.
[NTK] Initialized with 8192 inducing points.
=== Training: Online Trajectory Distillation (200 Epochs) ===
=== Generating ALL long trajectories (GD reverse + GA) ===
[Generator] Filtered 256 -> 256 valid trajectories.
Progress: 256/32898
[Generator] Filtered 256 -> 256 valid trajectories.
Progress: 512/32898
[Generator] Filtered 256 -> 256 valid trajectories.
Progress: 768/32898
[Generator] Filtered 256 -> 256 valid trajectories.
Progress: 1024/32898
[Generator] Filtered 256 -> 256 valid trajectories.
Progress: 1280/32898
[Generator] Filtered 256 -> 256 valid trajectories.
Progress: 1536/32898
[Generator] Filtered 256 -> 256 valid trajectories.
Progress: 1792/32898
[Generator] Filtered 256 -> 256 valid trajectories.
Progress: 2048/32898
[Generator] Filtered 256 -> 256 valid trajectories.
Progress: 2304/32898
[Generator] Filtered 256 -> 256 valid trajectories.
Progress: 2560/32898
[Generator] Filtered 256 -> 256 valid trajectories.
Progress: 2816/32898
[Generator] Filtered 256 -> 256 valid trajectories.
Progress: 3072/32898
[Generator] Filtered 256 -> 256 valid trajectories.
Progress: 3328/32898
[Generator] Filtered 256 -> 256 valid trajectories.
Progress: 3584/32898
[Generator] Filtered 256 -> 256 valid trajectories.
Progress: 3840/32898
[Generator] Filtered 256 -> 256 valid trajectories.
Progress: 4096/32898
[Generator] Filtered 256 -> 256 valid trajectories.
Progress: 4352/32898
[Generator] Filtered 256 -> 256 valid trajectories.
Progress: 4608/32898
[Generator] Filtered 256 -> 256 valid trajectories.
Progress: 4864/32898
[Generator] Filtered 256 -> 256 valid trajectories.
Progress: 5120/32898
[Generator] Filtered 256 -> 256 valid trajectories.
Progress: 5376/32898
[Generator] Filtered 256 -> 256 valid trajectories.
Progress: 5632/32898
[Generator] Filtered 256 -> 256 valid trajectories.
Progress: 5888/32898
[Generator] Filtered 256 -> 256 valid trajectories.
Progress: 6144/32898
[Generator] Filtered 256 -> 256 valid trajectories.
Progress: 6400/32898
[Generator] Filtered 256 -> 256 valid trajectories.
Progress: 6656/32898
[Generator] Filtered 256 -> 256 valid trajectories.
Progress: 6912/32898
[Generator] Filtered 256 -> 256 valid trajectories.
Progress: 7168/32898
[Generator] Filtered 256 -> 256 valid trajectories.
Progress: 7424/32898
[Generator] Filtered 256 -> 256 valid trajectories.
Progress: 7680/32898
[Generator] Filtered 256 -> 256 valid trajectories.
Progress: 7936/32898
[Generator] Filtered 256 -> 256 valid trajectories.
Progress: 8192/32898
[Generator] Filtered 256 -> 256 valid trajectories.
Progress: 8448/32898
[Generator] Filtered 256 -> 256 valid trajectories.
Progress: 8704/32898
[Generator] Filtered 256 -> 256 valid trajectories.
Progress: 8960/32898
[Generator] Filtered 256 -> 256 valid trajectories.
Progress: 9216/32898
[Generator] Filtered 256 -> 256 valid trajectories.
Progress: 9472/32898
[Generator] Filtered 256 -> 256 valid trajectories.
Progress: 9728/32898
[Generator] Filtered 256 -> 256 valid trajectories.
Progress: 9984/32898
[Generator] Filtered 256 -> 256 valid trajectories.
Progress: 10240/32898
[Generator] Filtered 256 -> 256 valid trajectories.
Progress: 10496/32898
[Generator] Filtered 256 -> 256 valid trajectories.
Progress: 10752/32898
[Generator] Filtered 256 -> 256 valid trajectories.
Progress: 11008/32898
[Generator] Filtered 256 -> 256 valid trajectories.
Progress: 11264/32898
[Generator] Filtered 256 -> 256 valid trajectories.
Progress: 11520/32898
[Generator] Filtered 256 -> 256 valid trajectories.
Progress: 11776/32898
[Generator] Filtered 256 -> 256 valid trajectories.
Progress: 12032/32898
[Generator] Filtered 256 -> 256 valid trajectories.
Progress: 12288/32898
[Generator] Filtered 256 -> 256 valid trajectories.
Progress: 12544/32898
[Generator] Filtered 256 -> 256 valid trajectories.
Progress: 12800/32898
[Generator] Filtered 256 -> 256 valid trajectories.
Progress: 13056/32898
[Generator] Filtered 256 -> 256 valid trajectories.
Progress: 13312/32898
[Generator] Filtered 256 -> 256 valid trajectories.
Progress: 13568/32898
[Generator] Filtered 256 -> 256 valid trajectories.
Progress: 13824/32898
[Generator] Filtered 256 -> 256 valid trajectories.
Progress: 14080/32898
[Generator] Filtered 256 -> 256 valid trajectories.
Progress: 14336/32898
[Generator] Filtered 256 -> 256 valid trajectories.
Progress: 14592/32898
[Generator] Filtered 256 -> 256 valid trajectories.
Progress: 14848/32898
[Generator] Filtered 256 -> 256 valid trajectories.
Progress: 15104/32898
[Generator] Filtered 256 -> 256 valid trajectories.
Progress: 15360/32898
[Generator] Filtered 256 -> 256 valid trajectories.
Progress: 15616/32898
[Generator] Filtered 256 -> 256 valid trajectories.
Progress: 15872/32898
[Generator] Filtered 256 -> 256 valid trajectories.
Progress: 16128/32898
[Generator] Filtered 256 -> 256 valid trajectories.
Progress: 16384/32898
[Generator] Filtered 256 -> 256 valid trajectories.
Progress: 16640/32898
[Generator] Filtered 256 -> 256 valid trajectories.
Progress: 16896/32898
[Generator] Filtered 256 -> 256 valid trajectories.
Progress: 17152/32898
[Generator] Filtered 256 -> 256 valid trajectories.
Progress: 17408/32898
[Generator] Filtered 256 -> 256 valid trajectories.
Progress: 17664/32898
[Generator] Filtered 256 -> 256 valid trajectories.
Progress: 17920/32898
[Generator] Filtered 256 -> 256 valid trajectories.
Progress: 18176/32898
[Generator] Filtered 256 -> 256 valid trajectories.
Progress: 18432/32898
[Generator] Filtered 256 -> 256 valid trajectories.
Progress: 18688/32898
[Generator] Filtered 256 -> 256 valid trajectories.
Progress: 18944/32898
[Generator] Filtered 256 -> 256 valid trajectories.
Progress: 19200/32898
[Generator] Filtered 256 -> 256 valid trajectories.
Progress: 19456/32898
[Generator] Filtered 256 -> 256 valid trajectories.
Progress: 19712/32898
[Generator] Filtered 256 -> 256 valid trajectories.
Progress: 19968/32898
[Generator] Filtered 256 -> 256 valid trajectories.
Progress: 20224/32898
[Generator] Filtered 256 -> 256 valid trajectories.
Progress: 20480/32898
[Generator] Filtered 256 -> 256 valid trajectories.
Progress: 20736/32898
[Generator] Filtered 256 -> 256 valid trajectories.
Progress: 20992/32898
[Generator] Filtered 256 -> 256 valid trajectories.
Progress: 21248/32898
[Generator] Filtered 256 -> 256 valid trajectories.
Progress: 21504/32898
[Generator] Filtered 256 -> 256 valid trajectories.
Progress: 21760/32898
[Generator] Filtered 256 -> 256 valid trajectories.
Progress: 22016/32898
[Generator] Filtered 256 -> 256 valid trajectories.
Progress: 22272/32898
[Generator] Filtered 256 -> 256 valid trajectories.
Progress: 22528/32898
[Generator] Filtered 256 -> 256 valid trajectories.
Progress: 22784/32898
[Generator] Filtered 256 -> 256 valid trajectories.
Progress: 23040/32898
[Generator] Filtered 256 -> 256 valid trajectories.
Progress: 23296/32898
[Generator] Filtered 256 -> 256 valid trajectories.
Progress: 23552/32898
[Generator] Filtered 256 -> 256 valid trajectories.
Progress: 23808/32898
[Generator] Filtered 256 -> 256 valid trajectories.
Progress: 24064/32898
[Generator] Filtered 256 -> 256 valid trajectories.
Progress: 24320/32898
[Generator] Filtered 256 -> 256 valid trajectories.
Progress: 24576/32898
[Generator] Filtered 256 -> 256 valid trajectories.
Progress: 24832/32898
[Generator] Filtered 256 -> 256 valid trajectories.
Progress: 25088/32898
[Generator] Filtered 256 -> 256 valid trajectories.
Progress: 25344/32898
[Generator] Filtered 256 -> 256 valid trajectories.
Progress: 25600/32898
[Generator] Filtered 256 -> 256 valid trajectories.
Progress: 25856/32898
[Generator] Filtered 256 -> 256 valid trajectories.
Progress: 26112/32898
[Generator] Filtered 256 -> 256 valid trajectories.
Progress: 26368/32898
[Generator] Filtered 256 -> 256 valid trajectories.
Progress: 26624/32898
[Generator] Filtered 256 -> 256 valid trajectories.
Progress: 26880/32898
[Generator] Filtered 256 -> 256 valid trajectories.
Progress: 27136/32898
[Generator] Filtered 256 -> 256 valid trajectories.
Progress: 27392/32898
[Generator] Filtered 256 -> 256 valid trajectories.
Progress: 27648/32898
[Generator] Filtered 256 -> 256 valid trajectories.
Progress: 27904/32898
[Generator] Filtered 256 -> 256 valid trajectories.
Progress: 28160/32898
[Generator] Filtered 256 -> 256 valid trajectories.
Progress: 28416/32898
[Generator] Filtered 256 -> 256 valid trajectories.
Progress: 28672/32898
[Generator] Filtered 256 -> 256 valid trajectories.
Progress: 28928/32898
[Generator] Filtered 256 -> 256 valid trajectories.
Progress: 29184/32898
[Generator] Filtered 256 -> 256 valid trajectories.
Progress: 29440/32898
[Generator] Filtered 256 -> 256 valid trajectories.
Progress: 29696/32898
[Generator] Filtered 256 -> 256 valid trajectories.
Progress: 29952/32898
[Generator] Filtered 256 -> 256 valid trajectories.
Progress: 30208/32898
[Generator] Filtered 256 -> 256 valid trajectories.
Progress: 30464/32898
[Generator] Filtered 256 -> 256 valid trajectories.
Progress: 30720/32898
[Generator] Filtered 256 -> 256 valid trajectories.
Progress: 30976/32898
[Generator] Filtered 256 -> 256 valid trajectories.
Progress: 31232/32898
[Generator] Filtered 256 -> 256 valid trajectories.
Progress: 31488/32898
[Generator] Filtered 256 -> 256 valid trajectories.
Progress: 31744/32898
[Generator] Filtered 256 -> 256 valid trajectories.
Progress: 32000/32898
[Generator] Filtered 256 -> 256 valid trajectories.
Progress: 32256/32898
[Generator] Filtered 256 -> 256 valid trajectories.
Progress: 32512/32898
[Generator] Filtered 256 -> 256 valid trajectories.
Progress: 32768/32898
[Generator] Filtered 130 -> 130 valid trajectories.
Progress: 33024/32898
Epoch 10/200 | Loss: 5.7628 | Valid Trajs: 1024
Epoch 20/200 | Loss: 5.1904 | Valid Trajs: 1024
Epoch 30/200 | Loss: 4.9589 | Valid Trajs: 1024
Epoch 40/200 | Loss: 4.2985 | Valid Trajs: 1024
Epoch 50/200 | Loss: 4.0374 | Valid Trajs: 1024
Epoch 60/200 | Loss: 4.0750 | Valid Trajs: 1024
Epoch 70/200 | Loss: 3.8941 | Valid Trajs: 1024
Epoch 80/200 | Loss: 3.7187 | Valid Trajs: 1024
Epoch 90/200 | Loss: 3.4737 | Valid Trajs: 1024
Epoch 100/200 | Loss: 3.0402 | Valid Trajs: 1024
Epoch 110/200 | Loss: 3.4989 | Valid Trajs: 1024
Epoch 120/200 | Loss: 3.1321 | Valid Trajs: 1024
Epoch 130/200 | Loss: 3.1525 | Valid Trajs: 1024
Epoch 140/200 | Loss: 2.8151 | Valid Trajs: 1024
Epoch 150/200 | Loss: 2.8350 | Valid Trajs: 1024
Epoch 160/200 | Loss: 3.0161 | Valid Trajs: 1024
Epoch 170/200 | Loss: 2.9930 | Valid Trajs: 1024
Epoch 180/200 | Loss: 2.7332 | Valid Trajs: 1024
Epoch 190/200 | Loss: 2.8403 | Valid Trajs: 1024
Epoch 200/200 | Loss: 2.6783 | Valid Trajs: 1024

=== SOTA Evaluation (Highest-point, Q=128) ===
----------------------------------------
Original Mean (Top 128): 0.4390
Optimized Mean (Top 128): 0.5550
Improvement:              0.1161
----------------------------------------
SOTA Max (100th):        0.9556 (Target: ~0.986)
SOTA 80th Percentile:    0.6612
SOTA Median (50th):      0.5530
----------------------------------------
